[0.460s] DEBUG:colcon:Command line arguments: ['/usr/bin/colcon', 'build', '--symlink-install', '--packages-select', 'fq']
[0.460s] DEBUG:colcon:Parsed command line arguments: Namespace(ament_cmake_args=None, base_paths=['.'], build_base='build', catkin_cmake_args=None, catkin_skip_building_tests=False, cmake_args=None, cmake_clean_cache=False, cmake_clean_first=False, cmake_force_configure=False, cmake_target=None, cmake_target_skip_unavailable=False, continue_on_error=False, event_handlers=None, executor='parallel', ignore_user_meta=False, install_base='install', log_base=None, log_level=None, main=<bound method BuildVerb.main of <colcon_core.verb.build.BuildVerb object at 0x7f74c4cdc5b0>>, merge_install=False, metas=['./colcon.meta'], mixin=None, mixin_files=None, mixin_verb=('build',), packages_above=None, packages_above_and_dependencies=None, packages_above_depth=None, packages_end=None, packages_ignore=None, packages_ignore_regex=None, packages_select=['fq'], packages_select_build_failed=False, packages_select_by_dep=None, packages_select_regex=None, packages_select_test_failures=False, packages_skip=None, packages_skip_build_finished=False, packages_skip_by_dep=None, packages_skip_regex=None, packages_skip_test_passed=False, packages_skip_up_to=None, packages_start=None, packages_up_to=None, packages_up_to_regex=None, parallel_workers=24, paths=None, symlink_install=True, test_result_base=None, verb_extension=<colcon_core.verb.build.BuildVerb object at 0x7f74c4cdc5b0>, verb_name='build', verb_parser=<colcon_mixin.mixin.mixin_argument.MixinArgumentDecorator object at 0x7f74c4cdcc10>)
[0.508s] Level 1:colcon.colcon_core.package_discovery:discover_packages(colcon_meta) check parameters
[0.510s] INFO:colcon.colcon_metadata.package_discovery.colcon_meta:Using configuration from '/root/.colcon/metadata/default/Gazebo.meta'
[0.511s] INFO:colcon.colcon_metadata.package_discovery.colcon_meta:Using configuration from '/root/.colcon/metadata/default/fastrtps.meta'
[0.511s] Level 1:colcon.colcon_core.package_discovery:discover_packages(recursive) check parameters
[0.511s] Level 1:colcon.colcon_core.package_discovery:discover_packages(ignore) check parameters
[0.511s] Level 1:colcon.colcon_core.package_discovery:discover_packages(path) check parameters
[0.511s] Level 1:colcon.colcon_core.package_discovery:discover_packages(colcon_meta) discover
[0.511s] Level 1:colcon.colcon_core.package_discovery:discover_packages(recursive) discover
[0.511s] INFO:colcon.colcon_core.package_discovery:Crawling recursively for packages in '/home/ros2_alg_bridge'
[0.511s] Level 1:colcon.colcon_core.package_identification:_identify(.) by extensions ['ignore', 'ignore_ament_install']
[0.511s] Level 1:colcon.colcon_core.package_identification:_identify(.) by extension 'ignore'
[0.512s] Level 1:colcon.colcon_core.package_identification:_identify(.) by extension 'ignore_ament_install'
[0.512s] Level 1:colcon.colcon_core.package_identification:_identify(.) by extensions ['colcon_pkg']
[0.512s] Level 1:colcon.colcon_core.package_identification:_identify(.) by extension 'colcon_pkg'
[0.512s] Level 1:colcon.colcon_core.package_identification:_identify(.) by extensions ['colcon_meta']
[0.512s] Level 1:colcon.colcon_core.package_identification:_identify(.) by extension 'colcon_meta'
[0.512s] Level 1:colcon.colcon_core.package_identification:_identify(.) by extensions ['ros']
[0.512s] Level 1:colcon.colcon_core.package_identification:_identify(.) by extension 'ros'
[0.530s] Level 1:colcon.colcon_core.package_identification:_identify(.) by extensions ['cmake', 'python']
[0.531s] Level 1:colcon.colcon_core.package_identification:_identify(.) by extension 'cmake'
[0.531s] Level 1:colcon.colcon_core.package_identification:_identify(.) by extension 'python'
[0.531s] Level 1:colcon.colcon_core.package_identification:_identify(.) by extensions ['python_setup_py']
[0.531s] Level 1:colcon.colcon_core.package_identification:_identify(.) by extension 'python_setup_py'
[0.531s] Level 1:colcon.colcon_core.package_identification:_identify(__pycache__) by extensions ['ignore', 'ignore_ament_install']
[0.531s] Level 1:colcon.colcon_core.package_identification:_identify(__pycache__) by extension 'ignore'
[0.531s] Level 1:colcon.colcon_core.package_identification:_identify(__pycache__) by extension 'ignore_ament_install'
[0.531s] Level 1:colcon.colcon_core.package_identification:_identify(__pycache__) by extensions ['colcon_pkg']
[0.531s] Level 1:colcon.colcon_core.package_identification:_identify(__pycache__) by extension 'colcon_pkg'
[0.531s] Level 1:colcon.colcon_core.package_identification:_identify(__pycache__) by extensions ['colcon_meta']
[0.531s] Level 1:colcon.colcon_core.package_identification:_identify(__pycache__) by extension 'colcon_meta'
[0.531s] Level 1:colcon.colcon_core.package_identification:_identify(__pycache__) by extensions ['ros']
[0.532s] Level 1:colcon.colcon_core.package_identification:_identify(__pycache__) by extension 'ros'
[0.532s] Level 1:colcon.colcon_core.package_identification:_identify(__pycache__) by extensions ['cmake', 'python']
[0.532s] Level 1:colcon.colcon_core.package_identification:_identify(__pycache__) by extension 'cmake'
[0.532s] Level 1:colcon.colcon_core.package_identification:_identify(__pycache__) by extension 'python'
[0.532s] Level 1:colcon.colcon_core.package_identification:_identify(__pycache__) by extensions ['python_setup_py']
[0.532s] Level 1:colcon.colcon_core.package_identification:_identify(__pycache__) by extension 'python_setup_py'
[0.532s] Level 1:colcon.colcon_core.package_identification:_identify(build) by extensions ['ignore', 'ignore_ament_install']
[0.532s] Level 1:colcon.colcon_core.package_identification:_identify(build) by extension 'ignore'
[0.532s] Level 1:colcon.colcon_core.package_identification:_identify(build) ignored
[0.532s] Level 1:colcon.colcon_core.package_identification:_identify(install) by extensions ['ignore', 'ignore_ament_install']
[0.532s] Level 1:colcon.colcon_core.package_identification:_identify(install) by extension 'ignore'
[0.532s] Level 1:colcon.colcon_core.package_identification:_identify(install) ignored
[0.532s] Level 1:colcon.colcon_core.package_identification:_identify(log) by extensions ['ignore', 'ignore_ament_install']
[0.532s] Level 1:colcon.colcon_core.package_identification:_identify(log) by extension 'ignore'
[0.533s] Level 1:colcon.colcon_core.package_identification:_identify(log) ignored
[0.533s] Level 1:colcon.colcon_core.package_identification:_identify(src) by extensions ['ignore', 'ignore_ament_install']
[0.533s] Level 1:colcon.colcon_core.package_identification:_identify(src) by extension 'ignore'
[0.533s] Level 1:colcon.colcon_core.package_identification:_identify(src) by extension 'ignore_ament_install'
[0.533s] Level 1:colcon.colcon_core.package_identification:_identify(src) by extensions ['colcon_pkg']
[0.533s] Level 1:colcon.colcon_core.package_identification:_identify(src) by extension 'colcon_pkg'
[0.533s] Level 1:colcon.colcon_core.package_identification:_identify(src) by extensions ['colcon_meta']
[0.533s] Level 1:colcon.colcon_core.package_identification:_identify(src) by extension 'colcon_meta'
[0.533s] Level 1:colcon.colcon_core.package_identification:_identify(src) by extensions ['ros']
[0.533s] Level 1:colcon.colcon_core.package_identification:_identify(src) by extension 'ros'
[0.533s] Level 1:colcon.colcon_core.package_identification:_identify(src) by extensions ['cmake', 'python']
[0.533s] Level 1:colcon.colcon_core.package_identification:_identify(src) by extension 'cmake'
[0.533s] Level 1:colcon.colcon_core.package_identification:_identify(src) by extension 'python'
[0.533s] Level 1:colcon.colcon_core.package_identification:_identify(src) by extensions ['python_setup_py']
[0.533s] Level 1:colcon.colcon_core.package_identification:_identify(src) by extension 'python_setup_py'
[0.534s] Level 1:colcon.colcon_core.package_identification:_identify(src/alg_demo) by extensions ['ignore', 'ignore_ament_install']
[0.534s] Level 1:colcon.colcon_core.package_identification:_identify(src/alg_demo) by extension 'ignore'
[0.534s] Level 1:colcon.colcon_core.package_identification:_identify(src/alg_demo) by extension 'ignore_ament_install'
[0.534s] Level 1:colcon.colcon_core.package_identification:_identify(src/alg_demo) by extensions ['colcon_pkg']
[0.534s] Level 1:colcon.colcon_core.package_identification:_identify(src/alg_demo) by extension 'colcon_pkg'
[0.534s] Level 1:colcon.colcon_core.package_identification:_identify(src/alg_demo) by extensions ['colcon_meta']
[0.534s] Level 1:colcon.colcon_core.package_identification:_identify(src/alg_demo) by extension 'colcon_meta'
[0.534s] Level 1:colcon.colcon_core.package_identification:_identify(src/alg_demo) by extensions ['ros']
[0.534s] Level 1:colcon.colcon_core.package_identification:_identify(src/alg_demo) by extension 'ros'
[0.538s] DEBUG:colcon.colcon_core.package_identification:Package 'src/alg_demo' with type 'ros.ament_python' and name 'alg_demo'
[0.539s] Level 1:colcon.colcon_core.package_identification:_identify(src/fq) by extensions ['ignore', 'ignore_ament_install']
[0.539s] Level 1:colcon.colcon_core.package_identification:_identify(src/fq) by extension 'ignore'
[0.539s] Level 1:colcon.colcon_core.package_identification:_identify(src/fq) by extension 'ignore_ament_install'
[0.539s] Level 1:colcon.colcon_core.package_identification:_identify(src/fq) by extensions ['colcon_pkg']
[0.539s] Level 1:colcon.colcon_core.package_identification:_identify(src/fq) by extension 'colcon_pkg'
[0.539s] Level 1:colcon.colcon_core.package_identification:_identify(src/fq) by extensions ['colcon_meta']
[0.539s] Level 1:colcon.colcon_core.package_identification:_identify(src/fq) by extension 'colcon_meta'
[0.540s] Level 1:colcon.colcon_core.package_identification:_identify(src/fq) by extensions ['ros']
[0.540s] Level 1:colcon.colcon_core.package_identification:_identify(src/fq) by extension 'ros'
[0.551s] DEBUG:colcon.colcon_core.package_identification:Package 'src/fq' with type 'ros.ament_cmake' and name 'fq'
[0.552s] Level 1:colcon.colcon_core.package_identification:_identify(src/topics) by extensions ['ignore', 'ignore_ament_install']
[0.552s] Level 1:colcon.colcon_core.package_identification:_identify(src/topics) by extension 'ignore'
[0.552s] Level 1:colcon.colcon_core.package_identification:_identify(src/topics) by extension 'ignore_ament_install'
[0.552s] Level 1:colcon.colcon_core.package_identification:_identify(src/topics) by extensions ['colcon_pkg']
[0.552s] Level 1:colcon.colcon_core.package_identification:_identify(src/topics) by extension 'colcon_pkg'
[0.552s] Level 1:colcon.colcon_core.package_identification:_identify(src/topics) by extensions ['colcon_meta']
[0.552s] Level 1:colcon.colcon_core.package_identification:_identify(src/topics) by extension 'colcon_meta'
[0.552s] Level 1:colcon.colcon_core.package_identification:_identify(src/topics) by extensions ['ros']
[0.552s] Level 1:colcon.colcon_core.package_identification:_identify(src/topics) by extension 'ros'
[0.552s] Level 1:colcon.colcon_core.package_identification:_identify(src/topics) by extensions ['cmake', 'python']
[0.552s] Level 1:colcon.colcon_core.package_identification:_identify(src/topics) by extension 'cmake'
[0.553s] Level 1:colcon.colcon_core.package_identification:_identify(src/topics) by extension 'python'
[0.553s] Level 1:colcon.colcon_core.package_identification:_identify(src/topics) by extensions ['python_setup_py']
[0.553s] Level 1:colcon.colcon_core.package_identification:_identify(src/topics) by extension 'python_setup_py'
[0.553s] Level 1:colcon.colcon_core.package_identification:_identify(src/topics/minimal_publisher) by extensions ['ignore', 'ignore_ament_install']
[0.553s] Level 1:colcon.colcon_core.package_identification:_identify(src/topics/minimal_publisher) by extension 'ignore'
[0.553s] Level 1:colcon.colcon_core.package_identification:_identify(src/topics/minimal_publisher) by extension 'ignore_ament_install'
[0.553s] Level 1:colcon.colcon_core.package_identification:_identify(src/topics/minimal_publisher) by extensions ['colcon_pkg']
[0.553s] Level 1:colcon.colcon_core.package_identification:_identify(src/topics/minimal_publisher) by extension 'colcon_pkg'
[0.553s] Level 1:colcon.colcon_core.package_identification:_identify(src/topics/minimal_publisher) by extensions ['colcon_meta']
[0.553s] Level 1:colcon.colcon_core.package_identification:_identify(src/topics/minimal_publisher) by extension 'colcon_meta'
[0.553s] Level 1:colcon.colcon_core.package_identification:_identify(src/topics/minimal_publisher) by extensions ['ros']
[0.553s] Level 1:colcon.colcon_core.package_identification:_identify(src/topics/minimal_publisher) by extension 'ros'
[0.554s] DEBUG:colcon.colcon_core.package_identification:Package 'src/topics/minimal_publisher' with type 'ros.ament_python' and name 'minimal_publisher'
[0.555s] Level 1:colcon.colcon_core.package_identification:_identify(src/topics/minimal_subscriber) by extensions ['ignore', 'ignore_ament_install']
[0.555s] Level 1:colcon.colcon_core.package_identification:_identify(src/topics/minimal_subscriber) by extension 'ignore'
[0.555s] Level 1:colcon.colcon_core.package_identification:_identify(src/topics/minimal_subscriber) by extension 'ignore_ament_install'
[0.555s] Level 1:colcon.colcon_core.package_identification:_identify(src/topics/minimal_subscriber) by extensions ['colcon_pkg']
[0.555s] Level 1:colcon.colcon_core.package_identification:_identify(src/topics/minimal_subscriber) by extension 'colcon_pkg'
[0.555s] Level 1:colcon.colcon_core.package_identification:_identify(src/topics/minimal_subscriber) by extensions ['colcon_meta']
[0.555s] Level 1:colcon.colcon_core.package_identification:_identify(src/topics/minimal_subscriber) by extension 'colcon_meta'
[0.555s] Level 1:colcon.colcon_core.package_identification:_identify(src/topics/minimal_subscriber) by extensions ['ros']
[0.555s] Level 1:colcon.colcon_core.package_identification:_identify(src/topics/minimal_subscriber) by extension 'ros'
[0.556s] DEBUG:colcon.colcon_core.package_identification:Package 'src/topics/minimal_subscriber' with type 'ros.ament_python' and name 'minimal_subscriber'
[0.556s] Level 1:colcon.colcon_core.package_identification:_identify(src/topics/pointcloud_publisher) by extensions ['ignore', 'ignore_ament_install']
[0.556s] Level 1:colcon.colcon_core.package_identification:_identify(src/topics/pointcloud_publisher) by extension 'ignore'
[0.556s] Level 1:colcon.colcon_core.package_identification:_identify(src/topics/pointcloud_publisher) by extension 'ignore_ament_install'
[0.557s] Level 1:colcon.colcon_core.package_identification:_identify(src/topics/pointcloud_publisher) by extensions ['colcon_pkg']
[0.557s] Level 1:colcon.colcon_core.package_identification:_identify(src/topics/pointcloud_publisher) by extension 'colcon_pkg'
[0.557s] Level 1:colcon.colcon_core.package_identification:_identify(src/topics/pointcloud_publisher) by extensions ['colcon_meta']
[0.557s] Level 1:colcon.colcon_core.package_identification:_identify(src/topics/pointcloud_publisher) by extension 'colcon_meta'
[0.557s] Level 1:colcon.colcon_core.package_identification:_identify(src/topics/pointcloud_publisher) by extensions ['ros']
[0.557s] Level 1:colcon.colcon_core.package_identification:_identify(src/topics/pointcloud_publisher) by extension 'ros'
[0.557s] DEBUG:colcon.colcon_core.package_identification:Package 'src/topics/pointcloud_publisher' with type 'ros.ament_python' and name 'examples_rclpy_pointcloud_publisher'
[0.558s] Level 1:colcon.colcon_core.package_identification:_identify(src/topics/py_srvcli) by extensions ['ignore', 'ignore_ament_install']
[0.558s] Level 1:colcon.colcon_core.package_identification:_identify(src/topics/py_srvcli) by extension 'ignore'
[0.558s] Level 1:colcon.colcon_core.package_identification:_identify(src/topics/py_srvcli) by extension 'ignore_ament_install'
[0.558s] Level 1:colcon.colcon_core.package_identification:_identify(src/topics/py_srvcli) by extensions ['colcon_pkg']
[0.558s] Level 1:colcon.colcon_core.package_identification:_identify(src/topics/py_srvcli) by extension 'colcon_pkg'
[0.558s] Level 1:colcon.colcon_core.package_identification:_identify(src/topics/py_srvcli) by extensions ['colcon_meta']
[0.558s] Level 1:colcon.colcon_core.package_identification:_identify(src/topics/py_srvcli) by extension 'colcon_meta'
[0.558s] Level 1:colcon.colcon_core.package_identification:_identify(src/topics/py_srvcli) by extensions ['ros']
[0.558s] Level 1:colcon.colcon_core.package_identification:_identify(src/topics/py_srvcli) by extension 'ros'
[0.559s] DEBUG:colcon.colcon_core.package_identification:Package 'src/topics/py_srvcli' with type 'ros.ament_python' and name 'py_srvcli'
[0.559s] Level 1:colcon.colcon_core.package_discovery:discover_packages(recursive) using defaults
[0.559s] Level 1:colcon.colcon_core.package_discovery:discover_packages(ignore) discover
[0.559s] Level 1:colcon.colcon_core.package_discovery:discover_packages(ignore) using defaults
[0.559s] Level 1:colcon.colcon_core.package_discovery:discover_packages(path) discover
[0.559s] Level 1:colcon.colcon_core.package_discovery:discover_packages(path) using defaults
[0.607s] INFO:colcon.colcon_core.package_selection:Skipping not selected package 'alg_demo' in 'src/alg_demo'
[0.607s] INFO:colcon.colcon_core.package_selection:Skipping not selected package 'examples_rclpy_pointcloud_publisher' in 'src/topics/pointcloud_publisher'
[0.607s] INFO:colcon.colcon_core.package_selection:Skipping not selected package 'minimal_publisher' in 'src/topics/minimal_publisher'
[0.607s] INFO:colcon.colcon_core.package_selection:Skipping not selected package 'minimal_subscriber' in 'src/topics/minimal_subscriber'
[0.607s] INFO:colcon.colcon_core.package_selection:Skipping not selected package 'py_srvcli' in 'src/topics/py_srvcli'
[0.608s] Level 5:colcon.colcon_core.verb:set package 'fq' build argument 'cmake_args' from command line to 'None'
[0.608s] Level 5:colcon.colcon_core.verb:set package 'fq' build argument 'cmake_target' from command line to 'None'
[0.608s] Level 5:colcon.colcon_core.verb:set package 'fq' build argument 'cmake_target_skip_unavailable' from command line to 'False'
[0.608s] Level 5:colcon.colcon_core.verb:set package 'fq' build argument 'cmake_clean_cache' from command line to 'False'
[0.608s] Level 5:colcon.colcon_core.verb:set package 'fq' build argument 'cmake_clean_first' from command line to 'False'
[0.608s] Level 5:colcon.colcon_core.verb:set package 'fq' build argument 'cmake_force_configure' from command line to 'False'
[0.608s] Level 5:colcon.colcon_core.verb:set package 'fq' build argument 'ament_cmake_args' from command line to 'None'
[0.608s] Level 5:colcon.colcon_core.verb:set package 'fq' build argument 'catkin_cmake_args' from command line to 'None'
[0.608s] Level 5:colcon.colcon_core.verb:set package 'fq' build argument 'catkin_skip_building_tests' from command line to 'False'
[0.608s] DEBUG:colcon.colcon_core.verb:Building package 'fq' with the following arguments: {'ament_cmake_args': None, 'build_base': '/home/ros2_alg_bridge/build/fq', 'catkin_cmake_args': None, 'catkin_skip_building_tests': False, 'cmake_args': None, 'cmake_clean_cache': False, 'cmake_clean_first': False, 'cmake_force_configure': False, 'cmake_target': None, 'cmake_target_skip_unavailable': False, 'install_base': '/home/ros2_alg_bridge/install/fq', 'merge_install': False, 'path': '/home/ros2_alg_bridge/src/fq', 'symlink_install': True, 'test_result_base': None}
[0.609s] INFO:colcon.colcon_core.executor:Executing jobs using 'parallel' executor
[0.613s] DEBUG:colcon.colcon_parallel_executor.executor.parallel:run_until_complete
[0.613s] INFO:colcon.colcon_ros.task.ament_cmake.build:Building ROS package in '/home/ros2_alg_bridge/src/fq' with build type 'ament_cmake'
[0.614s] INFO:colcon.colcon_cmake.task.cmake.build:Building CMake package in '/home/ros2_alg_bridge/src/fq'
[0.622s] INFO:colcon.colcon_core.plugin_system:Skipping extension 'colcon_core.shell.bat': Not used on non-Windows systems
[0.622s] INFO:colcon.colcon_core.shell:Skip shell extension 'powershell' for command environment: Not usable outside of PowerShell
[0.622s] DEBUG:colcon.colcon_core.shell:Skip shell extension 'dsv' for command environment
[0.624s] WARNING:colcon.colcon_ros.prefix_path.ament:The path '/home/ros2_alg_bridge/install/fq' in the environment variable AMENT_PREFIX_PATH doesn't exist
[0.624s] WARNING:colcon.colcon_ros.prefix_path.catkin:The path '/home/ros2_alg_bridge/install/fq' in the environment variable CMAKE_PREFIX_PATH doesn't exist
[0.637s] DEBUG:colcon.colcon_core.event_handler.log_command:Invoking command in '/home/ros2_alg_bridge/build/fq': CMAKE_PREFIX_PATH=${CMAKE_PREFIX_PATH}:/opt/ros/foxy /usr/bin/cmake /home/ros2_alg_bridge/src/fq -DAMENT_CMAKE_SYMLINK_INSTALL=1 -DCMAKE_INSTALL_PREFIX=/home/ros2_alg_bridge/install/fq
[5.019s] DEBUG:colcon.colcon_core.event_handler.log_command:Invoked command in '/home/ros2_alg_bridge/build/fq' returned '0': CMAKE_PREFIX_PATH=${CMAKE_PREFIX_PATH}:/opt/ros/foxy /usr/bin/cmake /home/ros2_alg_bridge/src/fq -DAMENT_CMAKE_SYMLINK_INSTALL=1 -DCMAKE_INSTALL_PREFIX=/home/ros2_alg_bridge/install/fq
[5.020s] DEBUG:colcon.colcon_core.event_handler.log_command:Invoking command in '/home/ros2_alg_bridge/build/fq': CMAKE_PREFIX_PATH=${CMAKE_PREFIX_PATH}:/opt/ros/foxy /usr/bin/cmake --build /home/ros2_alg_bridge/build/fq -- -j24 -l24
[36.617s] DEBUG:colcon.colcon_core.event_handler.log_command:Invoked command in '/home/ros2_alg_bridge/build/fq' returned '0': CMAKE_PREFIX_PATH=${CMAKE_PREFIX_PATH}:/opt/ros/foxy /usr/bin/cmake --build /home/ros2_alg_bridge/build/fq -- -j24 -l24
[36.922s] DEBUG:colcon.colcon_core.event_handler.log_command:Invoking command in '/home/ros2_alg_bridge/build/fq': CMAKE_PREFIX_PATH=${CMAKE_PREFIX_PATH}:/opt/ros/foxy /usr/bin/cmake --install /home/ros2_alg_bridge/build/fq
[40.537s] Level 1:colcon.colcon_core.environment:create_environment_scripts_only(fq)
[40.538s] DEBUG:colcon.colcon_core.event_handler.log_command:Invoked command in '/home/ros2_alg_bridge/build/fq' returned '0': CMAKE_PREFIX_PATH=${CMAKE_PREFIX_PATH}:/opt/ros/foxy /usr/bin/cmake --install /home/ros2_alg_bridge/build/fq
[40.543s] Level 1:colcon.colcon_core.environment:checking '/home/ros2_alg_bridge/install/fq' for CMake module files
[40.544s] Level 1:colcon.colcon_core.environment:checking '/home/ros2_alg_bridge/install/fq' for CMake config files
[40.547s] Level 1:colcon.colcon_core.shell:create_environment_hook('fq', 'cmake_prefix_path')
[40.549s] INFO:colcon.colcon_core.shell:Creating environment hook '/home/ros2_alg_bridge/install/fq/share/fq/hook/cmake_prefix_path.ps1'
[40.550s] INFO:colcon.colcon_core.shell:Creating environment descriptor '/home/ros2_alg_bridge/install/fq/share/fq/hook/cmake_prefix_path.dsv'
[40.550s] INFO:colcon.colcon_core.shell:Creating environment hook '/home/ros2_alg_bridge/install/fq/share/fq/hook/cmake_prefix_path.sh'
[40.551s] Level 1:colcon.colcon_core.environment:checking '/home/ros2_alg_bridge/install/fq/lib'
[40.551s] Level 1:colcon.colcon_core.shell:create_environment_hook('fq', 'ld_library_path_lib')
[40.552s] INFO:colcon.colcon_core.shell:Creating environment hook '/home/ros2_alg_bridge/install/fq/share/fq/hook/ld_library_path_lib.ps1'
[40.552s] INFO:colcon.colcon_core.shell:Creating environment descriptor '/home/ros2_alg_bridge/install/fq/share/fq/hook/ld_library_path_lib.dsv'
[40.552s] INFO:colcon.colcon_core.shell:Creating environment hook '/home/ros2_alg_bridge/install/fq/share/fq/hook/ld_library_path_lib.sh'
[40.552s] Level 1:colcon.colcon_core.environment:checking '/home/ros2_alg_bridge/install/fq/bin'
[40.552s] Level 1:colcon.colcon_core.environment:checking '/home/ros2_alg_bridge/install/fq/lib/pkgconfig/fq.pc'
[40.553s] Level 1:colcon.colcon_core.environment:checking '/home/ros2_alg_bridge/install/fq/lib/python3.8/site-packages'
[40.553s] Level 1:colcon.colcon_core.shell:create_environment_hook('fq', 'pythonpath')
[40.553s] INFO:colcon.colcon_core.shell:Creating environment hook '/home/ros2_alg_bridge/install/fq/share/fq/hook/pythonpath.ps1'
[40.554s] INFO:colcon.colcon_core.shell:Creating environment descriptor '/home/ros2_alg_bridge/install/fq/share/fq/hook/pythonpath.dsv'
[40.554s] INFO:colcon.colcon_core.shell:Creating environment hook '/home/ros2_alg_bridge/install/fq/share/fq/hook/pythonpath.sh'
[40.554s] Level 1:colcon.colcon_core.environment:checking '/home/ros2_alg_bridge/install/fq/bin'
[40.555s] INFO:colcon.colcon_core.shell:Creating package script '/home/ros2_alg_bridge/install/fq/share/fq/package.ps1'
[40.555s] INFO:colcon.colcon_core.shell:Creating package descriptor '/home/ros2_alg_bridge/install/fq/share/fq/package.dsv'
[40.556s] INFO:colcon.colcon_core.shell:Creating package script '/home/ros2_alg_bridge/install/fq/share/fq/package.sh'
[40.556s] INFO:colcon.colcon_core.shell:Creating package script '/home/ros2_alg_bridge/install/fq/share/fq/package.bash'
[40.557s] INFO:colcon.colcon_core.shell:Creating package script '/home/ros2_alg_bridge/install/fq/share/fq/package.zsh'
[40.557s] Level 1:colcon.colcon_core.environment:create_file_with_runtime_dependencies(/home/ros2_alg_bridge/install/fq/share/colcon-core/packages/fq)
[40.844s] Level 1:colcon.colcon_core.environment:create_environment_scripts_only(fq)
[40.845s] Level 1:colcon.colcon_core.environment:checking '/home/ros2_alg_bridge/install/fq' for CMake module files
[40.845s] Level 1:colcon.colcon_core.environment:checking '/home/ros2_alg_bridge/install/fq' for CMake config files
[40.848s] Level 1:colcon.colcon_core.shell:create_environment_hook('fq', 'cmake_prefix_path')
[40.849s] INFO:colcon.colcon_core.shell:Creating environment hook '/home/ros2_alg_bridge/install/fq/share/fq/hook/cmake_prefix_path.ps1'
[40.850s] INFO:colcon.colcon_core.shell:Creating environment descriptor '/home/ros2_alg_bridge/install/fq/share/fq/hook/cmake_prefix_path.dsv'
[40.850s] INFO:colcon.colcon_core.shell:Creating environment hook '/home/ros2_alg_bridge/install/fq/share/fq/hook/cmake_prefix_path.sh'
[40.850s] Level 1:colcon.colcon_core.environment:checking '/home/ros2_alg_bridge/install/fq/lib'
[40.850s] Level 1:colcon.colcon_core.shell:create_environment_hook('fq', 'ld_library_path_lib')
[40.851s] INFO:colcon.colcon_core.shell:Creating environment hook '/home/ros2_alg_bridge/install/fq/share/fq/hook/ld_library_path_lib.ps1'
[40.851s] INFO:colcon.colcon_core.shell:Creating environment descriptor '/home/ros2_alg_bridge/install/fq/share/fq/hook/ld_library_path_lib.dsv'
[40.851s] INFO:colcon.colcon_core.shell:Creating environment hook '/home/ros2_alg_bridge/install/fq/share/fq/hook/ld_library_path_lib.sh'
[40.852s] Level 1:colcon.colcon_core.environment:checking '/home/ros2_alg_bridge/install/fq/bin'
[40.852s] Level 1:colcon.colcon_core.environment:checking '/home/ros2_alg_bridge/install/fq/lib/pkgconfig/fq.pc'
[40.852s] Level 1:colcon.colcon_core.environment:checking '/home/ros2_alg_bridge/install/fq/lib/python3.8/site-packages'
[40.852s] Level 1:colcon.colcon_core.shell:create_environment_hook('fq', 'pythonpath')
[40.852s] INFO:colcon.colcon_core.shell:Creating environment hook '/home/ros2_alg_bridge/install/fq/share/fq/hook/pythonpath.ps1'
[40.853s] INFO:colcon.colcon_core.shell:Creating environment descriptor '/home/ros2_alg_bridge/install/fq/share/fq/hook/pythonpath.dsv'
[40.853s] INFO:colcon.colcon_core.shell:Creating environment hook '/home/ros2_alg_bridge/install/fq/share/fq/hook/pythonpath.sh'
[40.853s] Level 1:colcon.colcon_core.environment:checking '/home/ros2_alg_bridge/install/fq/bin'
[40.854s] INFO:colcon.colcon_core.shell:Creating package script '/home/ros2_alg_bridge/install/fq/share/fq/package.ps1'
[40.854s] INFO:colcon.colcon_core.shell:Creating package descriptor '/home/ros2_alg_bridge/install/fq/share/fq/package.dsv'
[40.855s] INFO:colcon.colcon_core.shell:Creating package script '/home/ros2_alg_bridge/install/fq/share/fq/package.sh'
[40.855s] INFO:colcon.colcon_core.shell:Creating package script '/home/ros2_alg_bridge/install/fq/share/fq/package.bash'
[40.855s] INFO:colcon.colcon_core.shell:Creating package script '/home/ros2_alg_bridge/install/fq/share/fq/package.zsh'
[40.855s] Level 1:colcon.colcon_core.environment:create_file_with_runtime_dependencies(/home/ros2_alg_bridge/install/fq/share/colcon-core/packages/fq)
[40.856s] DEBUG:colcon.colcon_parallel_executor.executor.parallel:closing loop
[40.856s] DEBUG:colcon.colcon_parallel_executor.executor.parallel:loop closed
[40.856s] DEBUG:colcon.colcon_parallel_executor.executor.parallel:run_until_complete finished with '0'
[40.856s] DEBUG:colcon.colcon_core.event_reactor:joining thread
[40.864s] INFO:colcon.colcon_core.plugin_system:Skipping extension 'colcon_notification.desktop_notification.notify_send': Could not find 'notify-send'
[40.864s] INFO:colcon.colcon_core.plugin_system:Skipping extension 'colcon_notification.desktop_notification.terminal_notifier': Not used on non-Darwin systems
[40.864s] INFO:colcon.colcon_core.plugin_system:Skipping extension 'colcon_notification.desktop_notification.win32': Not used on non-Windows systems
[40.864s] INFO:colcon.colcon_notification.desktop_notification:Sending desktop notification using 'notify2'
[40.864s] DEBUG:colcon.colcon_notification.desktop_notification.notify2:Failed to initialize notify2: org.freedesktop.DBus.Error.NotSupported: Unable to autolaunch a dbus-daemon without a $DISPLAY for X11
[40.865s] DEBUG:colcon.colcon_core.event_reactor:joined thread
[40.865s] INFO:colcon.colcon_core.shell:Creating prefix script '/home/ros2_alg_bridge/install/local_setup.ps1'
[40.866s] INFO:colcon.colcon_core.shell:Creating prefix util module '/home/ros2_alg_bridge/install/_local_setup_util_ps1.py'
[40.867s] INFO:colcon.colcon_core.shell:Creating prefix chain script '/home/ros2_alg_bridge/install/setup.ps1'
[40.868s] INFO:colcon.colcon_core.shell:Creating prefix script '/home/ros2_alg_bridge/install/local_setup.sh'
[40.868s] INFO:colcon.colcon_core.shell:Creating prefix util module '/home/ros2_alg_bridge/install/_local_setup_util_sh.py'
[40.868s] INFO:colcon.colcon_core.shell:Creating prefix chain script '/home/ros2_alg_bridge/install/setup.sh'
[40.869s] INFO:colcon.colcon_core.shell:Creating prefix script '/home/ros2_alg_bridge/install/local_setup.bash'
[40.869s] INFO:colcon.colcon_core.shell:Creating prefix chain script '/home/ros2_alg_bridge/install/setup.bash'
[40.870s] INFO:colcon.colcon_core.shell:Creating prefix script '/home/ros2_alg_bridge/install/local_setup.zsh'
[40.871s] INFO:colcon.colcon_core.shell:Creating prefix chain script '/home/ros2_alg_bridge/install/setup.zsh'
